18:26:21 dev starting
18:26:21 building wasm
18:26:21 dashboard listening on http://localhost:8081
18:26:21 web server listening on http://localhost:8080
18:26:22 wasm build completed in 742.947596ms
18:35:43 dev starting
18:36:10 dev starting
18:36:10 wasmserve started: wasmserve -http :8080 ./cmd/game
18:36:10 dashboard listening on http://localhost:8081
18:36:10 2026/06/23 18:36:10 Listening on :8080
18:38:36 2026/06/23 18:38:36 go build -o /tmp/3354293812/main.wasm ./cmd/game
18:43:06 2026/06/23 18:43:06 Shutting down server...
18:43:07 dev starting
18:43:07 wasmserve started: wasmserve -http :8080 ./cmd/game
18:43:07 dashboard listening on http://localhost:8081
18:43:07 2026/06/23 18:43:07 Listening on :8080
18:43:11 2026/06/23 18:43:11 go build -o /tmp/3631965730/main.wasm ./cmd/game
18:43:40 change detected: /home/alex/code/pp/nongrampictures/internal/game/render.go
18:43:40 source file changed; wasmserve will rebuild on refresh
18:43:57 change detected: /home/alex/code/pp/nongrampictures/internal/game/render.go
18:43:57 source file changed; wasmserve will rebuild on refresh
18:44:01 change detected: /home/alex/code/pp/nongrampictures/internal/game/render.go
18:44:01 source file changed; wasmserve will rebuild on refresh
18:44:03 change detected: /home/alex/code/pp/nongrampictures/internal/game/render.go
18:44:03 source file changed; wasmserve will rebuild on refresh
18:44:05 2026/06/23 18:44:05 Shutting down server...
18:54:00 dev starting
18:54:00 wasmserve started: wasmserve -http :8080 ../cmd/game
18:54:00 dashboard listening on http://localhost:8081
18:54:00 2026/06/23 18:54:00 Listening on :8080
18:54:05 2026/06/23 18:54:05 go: creating new go.mod: module foo
18:54:05 2026/06/23 18:54:05 go: ../cmd/game (/tmp/cmd/game) is not within module rooted at /tmp/4048056212
18:56:47 change detected: /home/alex/code/pp/nongrampictures/internal/game/render.go
18:56:47 source file changed; notifying wasmserve
18:56:47 wasmserve notified
19:09:34 dev starting
19:09:34 wasmserve started: wasmserve -http :8080 ../cmd/game
19:09:34 dashboard listening on http://localhost:8081
19:09:34 dev hint: static/index.html loads game.wasm; wasmserve rebuilds only main.wasm during dev
19:09:34 dev hint: static/index.html does not wait on /_wait; /_notify will not auto-reload the browser
19:09:34 2026/06/23 19:09:34 Listening on :8080
19:11:09 change detected: /home/alex/code/pp/nongrampictures/internal/game/render.go
19:11:09 source file changed; notifying wasmserve
19:11:09 wasmserve notified
19:11:17 change detected: /home/alex/code/pp/nongrampictures/internal/game/render.go
19:11:17 source file changed; notifying wasmserve
19:11:17 wasmserve notified
19:14:03 change detected: /home/alex/code/pp/nongrampictures/static/index.html
19:14:03 static file changed
19:14:03 wasmserve notified
19:16:46 2026/06/23 19:16:46 Shutting down server...
19:16:55 dev starting
19:16:55 wasmserve started: wasmserve -http :8080 ../cmd/game
19:16:55 dashboard listening on http://localhost:8081
19:16:55 2026/06/23 19:16:55 Listening on :8080
